2025-07-21 14:53:41,686 INFO o.a.j.u.JMeterUtils: Setting Locale to en_EN
2025-07-21 14:53:41,706 INFO o.a.j.JMeter: Loading user properties from: C:\apache-jmeter-5.6.3\apache-jmeter-5.6.3\bin\user.properties
2025-07-21 14:53:41,708 INFO o.a.j.JMeter: Loading system properties from: C:\apache-jmeter-5.6.3\apache-jmeter-5.6.3\bin\system.properties
2025-07-21 14:53:41,715 INFO o.a.j.JMeter: Copyright (c) 1998-2024 The Apache Software Foundation
2025-07-21 14:53:41,715 INFO o.a.j.JMeter: Version 5.6.3
2025-07-21 14:53:41,715 INFO o.a.j.JMeter: java.version=23.0.1
2025-07-21 14:53:41,715 INFO o.a.j.JMeter: java.vm.name=Java HotSpot(TM) 64-Bit Server VM
2025-07-21 14:53:41,715 INFO o.a.j.JMeter: os.name=Windows 11
2025-07-21 14:53:41,715 INFO o.a.j.JMeter: os.arch=amd64
2025-07-21 14:53:41,715 INFO o.a.j.JMeter: os.version=10.0
2025-07-21 14:53:41,715 INFO o.a.j.JMeter: file.encoding=UTF-8
2025-07-21 14:53:41,715 INFO o.a.j.JMeter: java.awt.headless=true
2025-07-21 14:53:41,716 INFO o.a.j.JMeter: Max memory     =1073741824
2025-07-21 14:53:41,716 INFO o.a.j.JMeter: Available Processors =8
2025-07-21 14:53:41,728 INFO o.a.j.JMeter: Default Locale=English (EN)
2025-07-21 14:53:41,729 INFO o.a.j.JMeter: JMeter  Locale=English (EN)
2025-07-21 14:53:41,729 INFO o.a.j.JMeter: JMeterHome=C:\apache-jmeter-5.6.3\apache-jmeter-5.6.3
2025-07-21 14:53:41,729 INFO o.a.j.JMeter: user.dir  =D:\automation\JmeterAutomation
2025-07-21 14:53:41,729 INFO o.a.j.JMeter: PWD       =D:\automation\JmeterAutomation
2025-07-21 14:53:41,730 INFO o.a.j.JMeter: IP: 192.168.68.109 Name: sharon FullName: sharon
2025-07-21 14:53:41,745 INFO o.a.j.JMeter: Setting property 'jmeter.reportgenerator.outputdir' to:'D:\automation\JmeterAutomation\reports\baseline'
2025-07-21 14:53:41,747 INFO o.a.j.s.FileServer: Default base='D:\automation\JmeterAutomation'
2025-07-21 14:53:41,748 INFO o.a.j.s.FileServer: Set new base='D:\automation\JmeterAutomation\jmeter'
2025-07-21 14:53:42,045 INFO o.a.j.s.SaveService: Testplan (JMX) version: 2.2. Testlog (JTL) version: 2.2
2025-07-21 14:53:42,076 INFO o.a.j.s.SaveService: Using SaveService properties version 5.0
2025-07-21 14:53:42,079 INFO o.a.j.s.SaveService: Using SaveService properties file encoding UTF-8
2025-07-21 14:53:42,083 INFO o.a.j.s.SaveService: Loading file: jmeter\baseline_test.jmx
2025-07-21 14:53:42,142 INFO o.a.j.p.h.s.HTTPSamplerBase: Parser for text/html is org.apache.jmeter.protocol.http.parser.LagartoBasedHtmlParser
2025-07-21 14:53:42,142 INFO o.a.j.p.h.s.HTTPSamplerBase: Parser for application/xhtml+xml is org.apache.jmeter.protocol.http.parser.LagartoBasedHtmlParser
2025-07-21 14:53:42,142 INFO o.a.j.p.h.s.HTTPSamplerBase: Parser for application/xml is org.apache.jmeter.protocol.http.parser.LagartoBasedHtmlParser
2025-07-21 14:53:42,142 INFO o.a.j.p.h.s.HTTPSamplerBase: Parser for text/xml is org.apache.jmeter.protocol.http.parser.LagartoBasedHtmlParser
2025-07-21 14:53:42,142 INFO o.a.j.p.h.s.HTTPSamplerBase: Parser for text/vnd.wap.wml is org.apache.jmeter.protocol.http.parser.RegexpHTMLParser
2025-07-21 14:53:42,142 INFO o.a.j.p.h.s.HTTPSamplerBase: Parser for text/css is org.apache.jmeter.protocol.http.parser.CssParser
2025-07-21 14:53:42,161 INFO o.a.j.JMeter: Creating summariser <summary>
2025-07-21 14:53:42,166 INFO o.a.j.r.d.ReportGenerator: ReportGenerator will use for Parsing the separator: ','
2025-07-21 14:53:42,166 INFO o.a.j.r.d.ReportGenerator: Will generate report at end of test from  results file: results/baseline_results.jtl
2025-07-21 14:53:42,166 INFO o.a.j.r.d.ReportGenerator: Reading report generator properties from: C:\apache-jmeter-5.6.3\apache-jmeter-5.6.3\bin\reportgenerator.properties
2025-07-21 14:53:42,166 INFO o.a.j.r.d.ReportGenerator: Merging with JMeter properties
2025-07-21 14:53:42,171 INFO o.a.j.r.c.ReportGeneratorConfiguration: Property 'jmeter.reportgenerator.temp_dir' not found, using default value 'temp' instead.
2025-07-21 14:53:42,174 INFO o.a.j.r.c.ReportGeneratorConfiguration: Property 'jmeter.reportgenerator.apdex_per_transaction' not found, using default value 'null' instead.
2025-07-21 14:53:42,174 INFO o.a.j.r.c.ReportGeneratorConfiguration: apdex_per_transaction is empty, not APDEX per transaction customization
2025-07-21 14:53:42,174 INFO o.a.j.r.c.ReportGeneratorConfiguration: Property 'jmeter.reportgenerator.sample_filter' not found, using default value 'null' instead.
2025-07-21 14:53:42,174 INFO o.a.j.r.c.ReportGeneratorConfiguration: Property 'jmeter.reportgenerator.report_title' not found, using default value 'null' instead.
2025-07-21 14:53:42,174 INFO o.a.j.r.c.ReportGeneratorConfiguration: Property 'jmeter.reportgenerator.start_date' not found, using default value 'null' instead.
2025-07-21 14:53:42,174 INFO o.a.j.r.c.ReportGeneratorConfiguration: Property 'jmeter.reportgenerator.end_date' not found, using default value 'null' instead.
2025-07-21 14:53:42,174 INFO o.a.j.r.c.ReportGeneratorConfiguration: Property 'jmeter.reportgenerator.date_format' not found, using default value 'null' instead.
2025-07-21 14:53:42,175 INFO o.a.j.r.c.ReportGeneratorConfiguration: Will use date range start date: null, end date: null
2025-07-21 14:53:42,182 INFO o.a.j.r.c.ReportGeneratorConfiguration: Property 'jmeter.reportgenerator.graph.totalTPS.exclude_controllers' not found, using default value 'false' instead.
2025-07-21 14:53:42,183 INFO o.a.j.r.c.ReportGeneratorConfiguration: Property 'jmeter.reportgenerator.graph.activeThreadsOverTime.exclude_controllers' not found, using default value 'false' instead.
2025-07-21 14:53:42,183 INFO o.a.j.r.c.ReportGeneratorConfiguration: Property 'jmeter.reportgenerator.graph.timeVsThreads.exclude_controllers' not found, using default value 'false' instead.
2025-07-21 14:53:42,183 INFO o.a.j.r.c.ReportGeneratorConfiguration: Property 'jmeter.reportgenerator.graph.responseTimeDistribution.exclude_controllers' not found, using default value 'false' instead.
2025-07-21 14:53:42,183 INFO o.a.j.r.c.ReportGeneratorConfiguration: Property 'jmeter.reportgenerator.graph.transactionsPerSecond.exclude_controllers' not found, using default value 'false' instead.
2025-07-21 14:53:42,183 INFO o.a.j.r.c.ReportGeneratorConfiguration: Property 'jmeter.reportgenerator.graph.responseTimePercentiles.exclude_controllers' not found, using default value 'false' instead.
2025-07-21 14:53:42,183 INFO o.a.j.r.c.ReportGeneratorConfiguration: Property 'jmeter.reportgenerator.graph.responseTimePercentilesOverTime.exclude_controllers' not found, using default value 'false' instead.
2025-07-21 14:53:42,183 INFO o.a.j.r.c.ReportGeneratorConfiguration: Property 'jmeter.reportgenerator.graph.responseTimesOverTime.exclude_controllers' not found, using default value 'false' instead.
2025-07-21 14:53:42,184 INFO o.a.j.r.c.ReportGeneratorConfiguration: Property 'jmeter.reportgenerator.graph.connectTimeOverTime.exclude_controllers' not found, using default value 'false' instead.
2025-07-21 14:53:42,184 INFO o.a.j.r.c.ReportGeneratorConfiguration: Property 'jmeter.reportgenerator.graph.latenciesOverTime.exclude_controllers' not found, using default value 'false' instead.
2025-07-21 14:53:42,185 INFO o.a.j.r.c.ReportGeneratorConfiguration: Property 'jmeter.reportgenerator.exporter.json.filters_only_sample_series' not found, using default value 'true' instead.
2025-07-21 14:53:42,185 INFO o.a.j.r.c.ReportGeneratorConfiguration: Property 'jmeter.reportgenerator.exporter.json.series_filter' not found, using default value '' instead.
2025-07-21 14:53:42,185 INFO o.a.j.r.c.ReportGeneratorConfiguration: Property 'jmeter.reportgenerator.exporter.json.show_controllers_only' not found, using default value 'false' instead.
2025-07-21 14:53:42,185 INFO o.a.j.r.c.ReportGeneratorConfiguration: Property 'jmeter.reportgenerator.exporter.html.filters_only_sample_series' not found, using default value 'true' instead.
2025-07-21 14:53:42,185 INFO o.a.j.r.c.ReportGeneratorConfiguration: Property 'jmeter.reportgenerator.exporter.html.series_filter' not found, using default value '' instead.
2025-07-21 14:53:42,185 INFO o.a.j.r.c.ReportGeneratorConfiguration: Property 'jmeter.reportgenerator.exporter.html.show_controllers_only' not found, using default value 'false' instead.
2025-07-21 14:53:42,202 INFO o.a.j.e.StandardJMeterEngine: Running the test!
2025-07-21 14:53:42,203 INFO o.a.j.s.SampleEvent: List of sample_variables: []
2025-07-21 14:53:42,203 INFO o.a.j.s.SampleEvent: List of sample_variables: []
2025-07-21 14:53:42,212 INFO o.a.j.e.u.CompoundVariable: Note: Function class names must contain the string: '.functions.'
2025-07-21 14:53:42,212 INFO o.a.j.e.u.CompoundVariable: Note: Function class names must not contain the string: '.gui.'
2025-07-21 14:53:42,292 INFO o.a.j.JMeter: Running test (1753088022292)
2025-07-21 14:53:42,310 INFO o.a.j.e.StandardJMeterEngine: Starting ThreadGroup: 1 : Baseline Users
2025-07-21 14:53:42,310 INFO o.a.j.e.StandardJMeterEngine: Starting 5 threads for group Baseline Users.
2025-07-21 14:53:42,310 INFO o.a.j.e.StandardJMeterEngine: Thread will continue on error
2025-07-21 14:53:42,311 INFO o.a.j.t.ThreadGroup: Starting thread group... number=1 threads=5 ramp-up=5 delayedStart=false
2025-07-21 14:53:42,317 INFO o.a.j.t.ThreadGroup: Started thread group number 1
2025-07-21 14:53:42,317 INFO o.a.j.e.StandardJMeterEngine: All thread groups have been started
2025-07-21 14:53:42,318 INFO o.a.j.t.JMeterThread: Thread started: Baseline Users 1-1
2025-07-21 14:53:42,335 INFO o.a.j.p.h.s.HTTPHCAbstractImpl: Local host = sharon
2025-07-21 14:53:42,341 INFO o.a.j.p.h.s.HTTPHC4Impl: HTTP request retry count = 0
2025-07-21 14:53:42,343 INFO o.a.j.s.SampleResult: Note: Sample TimeStamps are START times
2025-07-21 14:53:42,343 INFO o.a.j.s.SampleResult: sampleresult.default.encoding is set to UTF-8
2025-07-21 14:53:42,343 INFO o.a.j.s.SampleResult: sampleresult.useNanoTime=true
2025-07-21 14:53:42,343 INFO o.a.j.s.SampleResult: sampleresult.nanoThreadSleep=5000
2025-07-21 14:53:42,437 INFO o.a.j.p.h.s.h.LazyLayeredConnectionSocketFactory: Setting up HTTPS TrustAll Socket Factory
2025-07-21 14:53:42,442 INFO o.a.j.u.JsseSSLManager: Using default SSL protocol: TLS
2025-07-21 14:53:42,443 INFO o.a.j.u.JsseSSLManager: SSL session context: per-thread
2025-07-21 14:53:42,506 INFO o.a.j.u.SSLManager: JmeterKeyStore Location:  type JKS
2025-07-21 14:53:42,509 INFO o.a.j.u.SSLManager: KeyStore created OK
2025-07-21 14:53:42,509 WARN o.a.j.u.SSLManager: Keystore file not found, loading empty keystore
2025-07-21 14:53:43,315 INFO o.a.j.t.JMeterThread: Thread started: Baseline Users 1-2
2025-07-21 14:53:43,394 INFO o.a.j.t.JMeterThread: Thread is done: Baseline Users 1-1
2025-07-21 14:53:43,395 INFO o.a.j.t.JMeterThread: Thread finished: Baseline Users 1-1
2025-07-21 14:53:43,915 INFO o.a.j.t.JMeterThread: Thread is done: Baseline Users 1-2
2025-07-21 14:53:43,916 INFO o.a.j.t.JMeterThread: Thread finished: Baseline Users 1-2
2025-07-21 14:53:44,315 INFO o.a.j.t.JMeterThread: Thread started: Baseline Users 1-3
2025-07-21 14:53:44,938 INFO o.a.j.t.JMeterThread: Thread is done: Baseline Users 1-3
2025-07-21 14:53:44,938 INFO o.a.j.t.JMeterThread: Thread finished: Baseline Users 1-3
2025-07-21 14:53:45,313 INFO o.a.j.t.JMeterThread: Thread started: Baseline Users 1-4
2025-07-21 14:53:45,900 INFO o.a.j.t.JMeterThread: Thread is done: Baseline Users 1-4
2025-07-21 14:53:45,901 INFO o.a.j.t.JMeterThread: Thread finished: Baseline Users 1-4
2025-07-21 14:53:46,322 INFO o.a.j.t.JMeterThread: Thread started: Baseline Users 1-5
2025-07-21 14:53:46,608 INFO o.a.j.t.JMeterThread: Thread is done: Baseline Users 1-5
2025-07-21 14:53:46,609 INFO o.a.j.t.JMeterThread: Thread finished: Baseline Users 1-5
2025-07-21 14:53:46,610 INFO o.a.j.e.StandardJMeterEngine: Notifying test listeners of end of test
2025-07-21 14:53:46,613 INFO o.a.j.r.Summariser: summary =      5 in 00:00:04 =    1.2/s Avg:   613 Min:   284 Max:   980 Err:     5 (100.00%)
2025-07-21 14:53:46,613 INFO o.a.j.JMeter: Generating Dashboard
2025-07-21 14:53:46,614 INFO o.a.j.r.d.ReportGenerator: Flushing result collector before report Generation
2025-07-21 14:53:46,751 INFO o.a.j.r.p.NormalizerSampleConsumer: Using format, 'ms', to parse timeStamp field
2025-07-21 14:53:46,833 INFO o.a.j.r.p.AbstractSampleConsumer: class org.apache.jmeter.report.processor.AggregateConsumer#stopProducing(): beginDate produced 0 samples
2025-07-21 14:53:46,833 INFO o.a.j.r.p.AbstractSampleConsumer: class org.apache.jmeter.report.processor.AggregateConsumer#stopProducing(): endDate produced 0 samples
2025-07-21 14:53:46,837 INFO o.a.j.r.p.AbstractSampleConsumer: class org.apache.jmeter.report.processor.ApdexSummaryConsumer#stopProducing(): apdexSummary produced 0 samples
2025-07-21 14:53:46,837 INFO o.a.j.r.p.AbstractSampleConsumer: class org.apache.jmeter.report.processor.RequestsSummaryConsumer#stopProducing(): requestsSummary produced 0 samples
2025-07-21 14:53:46,844 INFO o.a.j.r.p.AbstractSampleConsumer: class org.apache.jmeter.report.processor.StatisticsSummaryConsumer#stopProducing(): statisticsSummary produced 0 samples
2025-07-21 14:53:46,847 INFO o.a.j.r.p.AbstractSampleConsumer: class org.apache.jmeter.report.processor.Top5ErrorsBySamplerConsumer#stopProducing(): top5ErrorsBySampler produced 0 samples
2025-07-21 14:53:46,848 INFO o.a.j.r.p.AbstractSampleConsumer: class org.apache.jmeter.report.processor.ErrorsSummaryConsumer#stopProducing(): errorsSummary produced 0 samples
2025-07-21 14:53:46,848 INFO o.a.j.r.p.AbstractSampleConsumer: class org.apache.jmeter.report.processor.graph.impl.HitsPerSecondGraphConsumer#stopProducing(): hitsPerSecond produced 0 samples
2025-07-21 14:53:46,880 INFO o.a.j.r.p.AbstractSampleConsumer: class org.apache.jmeter.report.processor.graph.impl.LatencyVSRequestGraphConsumer#stopProducing(): latencyVsRequest produced 0 samples
2025-07-21 14:53:46,880 INFO o.a.j.r.p.AbstractSampleConsumer: class org.apache.jmeter.report.processor.graph.impl.SyntheticResponseTimeDistributionGraphConsumer#stopProducing(): syntheticResponseTimeDistribution produced 0 samples
2025-07-21 14:53:46,881 INFO o.a.j.r.p.AbstractSampleConsumer: class org.apache.jmeter.report.processor.graph.impl.BytesThroughputGraphConsumer#stopProducing(): bytesThroughputOverTime produced 0 samples
2025-07-21 14:53:46,881 INFO o.a.j.r.p.AbstractSampleConsumer: class org.apache.jmeter.report.processor.graph.impl.CodesPerSecondGraphConsumer#stopProducing(): codesPerSecond produced 0 samples
2025-07-21 14:53:46,884 INFO o.a.j.r.p.AbstractSampleConsumer: class org.apache.jmeter.report.processor.graph.impl.ResponseTimeVSRequestGraphConsumer#stopProducing(): responseTimeVsRequest produced 0 samples
2025-07-21 14:53:46,884 INFO o.a.j.r.p.AbstractSampleConsumer: class org.apache.jmeter.report.processor.FilterConsumer#stopProducing(): startIntervalControlerFilter produced 35 samples
2025-07-21 14:53:46,884 INFO o.a.j.r.p.AbstractSampleConsumer: class org.apache.jmeter.report.processor.graph.impl.TotalTPSGraphConsumer#stopProducing(): totalTPS produced 0 samples
2025-07-21 14:53:46,884 INFO o.a.j.r.p.AbstractSampleConsumer: class org.apache.jmeter.report.processor.graph.impl.ActiveThreadsGraphConsumer#stopProducing(): activeThreadsOverTime produced 0 samples
2025-07-21 14:53:46,884 INFO o.a.j.r.p.AbstractSampleConsumer: class org.apache.jmeter.report.processor.graph.impl.TimeVSThreadGraphConsumer#stopProducing(): timeVsThreads produced 0 samples
2025-07-21 14:53:46,885 INFO o.a.j.r.p.AbstractSampleConsumer: class org.apache.jmeter.report.processor.graph.impl.ResponseTimeDistributionGraphConsumer#stopProducing(): responseTimeDistribution produced 0 samples
2025-07-21 14:53:46,885 INFO o.a.j.r.p.AbstractSampleConsumer: class org.apache.jmeter.report.processor.graph.impl.TransactionsPerSecondGraphConsumer#stopProducing(): transactionsPerSecond produced 0 samples
2025-07-21 14:53:46,885 INFO o.a.j.r.p.AbstractSampleConsumer: class org.apache.jmeter.report.processor.graph.impl.ResponseTimePercentilesGraphConsumer#stopProducing(): responseTimePercentiles produced 0 samples
2025-07-21 14:53:46,885 INFO o.a.j.r.p.AbstractSampleConsumer: class org.apache.jmeter.report.processor.graph.impl.ResponseTimePercentilesOverTimeGraphConsumer#stopProducing(): responseTimePercentilesOverTime produced 0 samples
2025-07-21 14:53:46,886 INFO o.a.j.r.p.AbstractSampleConsumer: class org.apache.jmeter.report.processor.graph.impl.ResponseTimeOverTimeGraphConsumer#stopProducing(): responseTimesOverTime produced 0 samples
2025-07-21 14:53:46,886 INFO o.a.j.r.p.AbstractSampleConsumer: class org.apache.jmeter.report.processor.graph.impl.ConnectTimeOverTimeGraphConsumer#stopProducing(): connectTimeOverTime produced 0 samples
2025-07-21 14:53:46,886 INFO o.a.j.r.p.AbstractSampleConsumer: class org.apache.jmeter.report.processor.graph.impl.LatencyOverTimeGraphConsumer#stopProducing(): latenciesOverTime produced 0 samples
2025-07-21 14:53:46,886 INFO o.a.j.r.p.AbstractSampleConsumer: class org.apache.jmeter.report.processor.FilterConsumer#stopProducing(): nameFilter produced 75 samples
2025-07-21 14:53:46,886 INFO o.a.j.r.p.AbstractSampleConsumer: class org.apache.jmeter.report.processor.FilterConsumer#stopProducing(): dateRangeFilter produced 15 samples
2025-07-21 14:53:46,886 INFO o.a.j.r.p.AbstractSampleConsumer: class org.apache.jmeter.report.processor.NormalizerSampleConsumer#stopProducing(): normalizer produced 5 samples
2025-07-21 14:53:46,887 INFO o.a.j.r.p.CsvFileSampleSource: produce(): 5 samples produced in 105ms on channel 0
2025-07-21 14:53:46,887 INFO o.a.j.r.d.ReportGenerator: Exporting data using exporter:'json' of className:'org.apache.jmeter.report.dashboard.JsonExporter'
2025-07-21 14:53:46,971 INFO o.a.j.r.d.JsonExporter: Found data for consumer statisticsSummary in context
2025-07-21 14:53:46,971 INFO o.a.j.r.d.JsonExporter: Creating statistics for overall
2025-07-21 14:53:46,972 INFO o.a.j.r.d.JsonExporter: Creating statistics for other transactions
2025-07-21 14:53:46,972 INFO o.a.j.r.d.JsonExporter: Checking output folder
2025-07-21 14:53:46,973 INFO o.a.j.r.d.JsonExporter: Writing statistics JSON to D:\automation\JmeterAutomation\reports\baseline\statistics.json
2025-07-21 14:53:47,022 INFO o.a.j.r.d.ReportGenerator: Exporting data using exporter:'html' of className:'org.apache.jmeter.report.dashboard.HtmlTemplateExporter'
2025-07-21 14:53:47,025 INFO o.a.j.r.d.HtmlTemplateExporter: Will generate dashboard in folder: D:\automation\JmeterAutomation\reports\baseline
2025-07-21 14:53:47,122 INFO o.a.j.r.d.HtmlTemplateExporter: Report will be generated in: D:\automation\JmeterAutomation\reports\baseline, creating folder structure
2025-07-21 14:53:47,124 INFO o.a.j.r.d.TemplateVisitor: Copying folder from 'C:\apache-jmeter-5.6.3\apache-jmeter-5.6.3\bin\report-template' to 'D:\automation\JmeterAutomation\reports\baseline', got message: D:\automation\JmeterAutomation\reports\baseline, found non empty folder with following content [D:\automation\JmeterAutomation\reports\baseline\statistics.json], will be ignored
2025-07-21 14:53:47,543 INFO o.a.j.JMeter: Dashboard generated
